<?xml version="1.0" encoding="UTF-8"?>
<!-- Generated by org.testng.reporters.JUnitReportReporter -->
<testsuite hostname="HomePC" name="githubproject.invokebrowser" tests="1" failures="0" timestamp="22 Mar 2019 03:19:48 GMT" time="6.199" errors="0">
  <testcase name="test" time="6.199" classname="githubproject.invokebrowser"/>
</testsuite> <!-- githubproject.invokebrowser -->
